<html>
<body>
<pre>
<h1>µVision Build Log</h1>
<h2>Project:</h2>
D:\Github Clones\EmbeddedSystems.Playground\01 - Independent Study\UTAustinX\TExaSware\C10_Odd1sDetector\C10-Odd1sDetect.uvproj
Project File Date:  01/11/2017

<h2>Output:</h2>
Build target 'C10_Odd1sDetect'
compiling main.c...
main.c(25): error:  #29: expected an expression
        {0, 10, {even, odd}},
main.c(25): error:  #67: expected a "}"
        {0, 10, {even, odd}},
main.c(25): error:  #67: expected a "}"
        {0, 10, {even, odd}},
main.c(25): error:  #67: expected a "}"
        {0, 10, {even, odd}},
main.c(25): error:  #169: expected a declaration
        {0, 10, {even, odd}},
main.c(25): error:  #169: expected a declaration
        {0, 10, {even, odd}},
main.c: 0 warnings, 6 errors
".\C10_Odd1sDetect.axf" - 6 Error(s), 0 Warning(s).
Target not created
